<?xml version="1.0" encoding="UTF-8"?>
<testsuite xmlns:xsi="http://www.w3.org/2001/XMLSchema-instance" xsi:noNamespaceSchemaLocation="https://maven.apache.org/surefire/maven-surefire-plugin/xsd/surefire-test-report-3.0.xsd" version="3.0" name="com.werp.werp.WerpApplicationTests" time="6.59" tests="1" errors="0" skipped="0" failures="0">
  <properties>
[...]
</properties>
  <testcase name="contextLoads" classname="com.werp.werp.WerpApplicationTests" time="1.161">
    <system-out><![CDATA[12:42:50.759 [main] INFO org.springframework.test.context.support.AnnotationConfigContextLoaderUtils -- Could not detect default configuration classes for test class [com.werp.werp.WerpApplicationTests]: WerpApplicationTests does not declare any static, non-private, non-final, nested classes annotated with @Configuration.
12:42:50.916 [main] INFO org.springframework.boot.test.context.SpringBootTestContextBootstrapper -- Found @SpringBootConfiguration com.werp.werp.WerpApplication for test class com.werp.werp.WerpApplicationTests

  .   ____          _            __ _ _
 /\\ / ___'_ __ _ _(_)_ __  __ _ \ \ \ \
( ( )\___ | '_ | '_| | '_ \/ _` | \ \ \ \
 \\/  ___)| |_)| | | | | || (_| |  ) ) ) )
  '  |____| .__|_| |_|_| |_\__, | / / / /
 =========|_|==============|___/=/_/_/_/
 :: Spring Boot ::       (v3.2.2-SNAPSHOT)

2025-07-06T12:42:51.556-03:00  INFO 26632 --- [           main] com.werp.werp.WerpApplicationTests       : Starting WerpApplicationTests using Java 17.0.9 with PID 26632 (started by Daniel in C:\Users\Daniel\eclipse-workspace\werp\werp-backend)
2025-07-06T12:42:51.557-03:00  INFO 26632 --- [           main] com.werp.werp.WerpApplicationTests       : No active profile set, falling back to 1 default profile: "default"
2025-07-06T12:42:52.597-03:00  INFO 26632 --- [           main] .s.d.r.c.RepositoryConfigurationDelegate : Bootstrapping Spring Data MongoDB repositories in DEFAULT mode.
2025-07-06T12:42:52.685-03:00  INFO 26632 --- [           main] .s.d.r.c.RepositoryConfigurationDelegate : Finished Spring Data repository scanning in 81 ms. Found 4 MongoDB repository interfaces.
2025-07-06T12:42:53.474-03:00  INFO 26632 --- [p2w.mongodb.net] org.mongodb.driver.cluster               : Adding discovered server cluster0-shard-00-00.24p2w.mongodb.net:27017 to client view of cluster
2025-07-06T12:42:53.495-03:00  INFO 26632 --- [           main] org.mongodb.driver.client                : MongoClient with metadata {"application": {"name": "Cluster0"}, "driver": {"name": "mongo-java-driver|sync|spring-boot", "version": "4.11.1"}, "os": {"type": "Windows", "name": "Windows 11", "architecture": "amd64", "version": "10.0"}, "platform": "Java/Oracle Corporation/17.0.9+11-LTS-201"} created with settings MongoClientSettings{readPreference=primary, writeConcern=WriteConcern{w=majority, wTimeout=null ms, journal=null}, retryWrites=true, retryReads=true, readConcern=ReadConcern{level=null}, credential=MongoCredential{mechanism=null, userName='user1', source='admin', password=<hidden>, mechanismProperties=<hidden>}, transportSettings=null, streamFactoryFactory=null, commandListeners=[], codecRegistry=ProvidersCodecRegistry{codecProviders=[ValueCodecProvider{}, BsonValueCodecProvider{}, DBRefCodecProvider{}, DBObjectCodecProvider{}, DocumentCodecProvider{}, CollectionCodecProvider{}, IterableCodecProvider{}, MapCodecProvider{}, GeoJsonCodecProvider{}, GridFSFileCodecProvider{}, Jsr310CodecProvider{}, JsonObjectCodecProvider{}, BsonCodecProvider{}, EnumCodecProvider{}, com.mongodb.client.model.mql.ExpressionCodecProvider@62c72501, com.mongodb.Jep395RecordCodecProvider@c889805, com.mongodb.KotlinCodecProvider@77db3d02]}, loggerSettings=LoggerSettings{maxDocumentLength=1000}, clusterSettings={hosts=[127.0.0.1:27017], srvHost=cluster0.24p2w.mongodb.net, srvServiceName=mongodb, mode=MULTIPLE, requiredClusterType=REPLICA_SET, requiredReplicaSetName='atlas-rt55at-shard-0', serverSelector='null', clusterListeners='[]', serverSelectionTimeout='30000 ms', localThreshold='15 ms'}, socketSettings=SocketSettings{connectTimeoutMS=10000, readTimeoutMS=0, receiveBufferSize=0, proxySettings=ProxySettings{host=null, port=null, username=null, password=null}}, heartbeatSocketSettings=SocketSettings{connectTimeoutMS=10000, readTimeoutMS=10000, receiveBufferSize=0, proxySettings=ProxySettings{host=null, port=null, username=null, password=null}}, connectionPoolSettings=ConnectionPoolSettings{maxSize=100, minSize=0, maxWaitTimeMS=120000, maxConnectionLifeTimeMS=0, maxConnectionIdleTimeMS=0, maintenanceInitialDelayMS=0, maintenanceFrequencyMS=60000, connectionPoolListeners=[], maxConnecting=2}, serverSettings=ServerSettings{heartbeatFrequencyMS=10000, minHeartbeatFrequencyMS=500, serverListeners='[]', serverMonitorListeners='[]'}, sslSettings=SslSettings{enabled=true, invalidHostNameAllowed=false, context=null}, applicationName='Cluster0', compressorList=[], uuidRepresentation=JAVA_LEGACY, serverApi=null, autoEncryptionSettings=null, dnsClient=null, inetAddressResolver=null, contextProvider=null}
2025-07-06T12:42:53.516-03:00  INFO 26632 --- [p2w.mongodb.net] org.mongodb.driver.cluster               : Adding discovered server cluster0-shard-00-02.24p2w.mongodb.net:27017 to client view of cluster
2025-07-06T12:42:53.518-03:00  INFO 26632 --- [p2w.mongodb.net] org.mongodb.driver.cluster               : Adding discovered server cluster0-shard-00-01.24p2w.mongodb.net:27017 to client view of cluster
2025-07-06T12:42:54.554-03:00  INFO 26632 --- [ngodb.net:27017] org.mongodb.driver.cluster               : Monitor thread successfully connected to server with description ServerDescription{address=cluster0-shard-00-01.24p2w.mongodb.net:27017, type=REPLICA_SET_SECONDARY, state=CONNECTED, ok=true, minWireVersion=0, maxWireVersion=25, maxDocumentSize=16777216, logicalSessionTimeoutMinutes=30, roundTripTimeNanos=665827900, setName='atlas-rt55at-shard-0', canonicalAddress=cluster0-shard-00-01.24p2w.mongodb.net:27017, hosts=[cluster0-shard-00-01.24p2w.mongodb.net:27017, cluster0-shard-00-00.24p2w.mongodb.net:27017, cluster0-shard-00-02.24p2w.mongodb.net:27017], passives=[], arbiters=[], primary='cluster0-shard-00-02.24p2w.mongodb.net:27017', tagSet=TagSet{[Tag{name='availabilityZone', value='use1-az2'}, Tag{name='diskState', value='READY'}, Tag{name='nodeType', value='ELECTABLE'}, Tag{name='provider', value='AWS'}, Tag{name='region', value='US_EAST_1'}, Tag{name='workloadType', value='OPERATIONAL'}]}, electionId=null, setVersion=315, topologyVersion=TopologyVersion{processId=68692bcb6bcd65fdb948884f, counter=3}, lastWriteDate=Sun Jul 06 12:42:49 BRT 2025, lastUpdateTimeNanos=501035694163400}
2025-07-06T12:42:54.554-03:00  INFO 26632 --- [ngodb.net:27017] org.mongodb.driver.cluster               : Monitor thread successfully connected to server with description ServerDescription{address=cluster0-shard-00-02.24p2w.mongodb.net:27017, type=REPLICA_SET_PRIMARY, state=CONNECTED, ok=true, minWireVersion=0, maxWireVersion=25, maxDocumentSize=16777216, logicalSessionTimeoutMinutes=30, roundTripTimeNanos=663271700, setName='atlas-rt55at-shard-0', canonicalAddress=cluster0-shard-00-02.24p2w.mongodb.net:27017, hosts=[cluster0-shard-00-01.24p2w.mongodb.net:27017, cluster0-shard-00-00.24p2w.mongodb.net:27017, cluster0-shard-00-02.24p2w.mongodb.net:27017], passives=[], arbiters=[], primary='cluster0-shard-00-02.24p2w.mongodb.net:27017', tagSet=TagSet{[Tag{name='availabilityZone', value='use1-az5'}, Tag{name='diskState', value='READY'}, Tag{name='nodeType', value='ELECTABLE'}, Tag{name='provider', value='AWS'}, Tag{name='region', value='US_EAST_1'}, Tag{name='workloadType', value='OPERATIONAL'}]}, electionId=7fffffff0000000000000217, setVersion=315, topologyVersion=TopologyVersion{processId=686929487ba9b418ae5eeb60, counter=6}, lastWriteDate=Sun Jul 06 12:42:49 BRT 2025, lastUpdateTimeNanos=501035694163700}
2025-07-06T12:42:54.554-03:00  INFO 26632 --- [ngodb.net:27017] org.mongodb.driver.cluster               : Monitor thread successfully connected to server with description ServerDescription{address=cluster0-shard-00-00.24p2w.mongodb.net:27017, type=REPLICA_SET_SECONDARY, state=CONNECTED, ok=true, minWireVersion=0, maxWireVersion=25, maxDocumentSize=16777216, logicalSessionTimeoutMinutes=30, roundTripTimeNanos=665772300, setName='atlas-rt55at-shard-0', canonicalAddress=cluster0-shard-00-00.24p2w.mongodb.net:27017, hosts=[cluster0-shard-00-01.24p2w.mongodb.net:27017, cluster0-shard-00-00.24p2w.mongodb.net:27017, cluster0-shard-00-02.24p2w.mongodb.net:27017], passives=[], arbiters=[], primary='cluster0-shard-00-02.24p2w.mongodb.net:27017', tagSet=TagSet{[Tag{name='availabilityZone', value='use1-az1'}, Tag{name='diskState', value='READY'}, Tag{name='nodeType', value='ELECTABLE'}, Tag{name='provider', value='AWS'}, Tag{name='region', value='US_EAST_1'}, Tag{name='workloadType', value='OPERATIONAL'}]}, electionId=null, setVersion=315, topologyVersion=TopologyVersion{processId=68692661be1a3826c075bfe1, counter=4}, lastWriteDate=Sun Jul 06 12:42:49 BRT 2025, lastUpdateTimeNanos=501035694163600}
2025-07-06T12:42:54.569-03:00  INFO 26632 --- [ngodb.net:27017] org.mongodb.driver.cluster               : Discovered replica set primary cluster0-shard-00-02.24p2w.mongodb.net:27017 with max election id 7fffffff0000000000000217 and max set version 315
2025-07-06T12:42:55.306-03:00  INFO 26632 --- [           main] o.s.s.web.DefaultSecurityFilterChain     : Will secure any request with [org.springframework.security.web.session.DisableEncodeUrlFilter@18c7f6b5, org.springframework.security.web.context.request.async.WebAsyncManagerIntegrationFilter@629b780f, org.springframework.security.web.context.SecurityContextHolderFilter@62735b13, org.springframework.security.web.header.HeaderWriterFilter@32a8ca06, org.springframework.web.filter.CorsFilter@3af36922, org.springframework.security.web.authentication.logout.LogoutFilter@76e6c070, com.werp.werp.services.JwtAuthenticationFilter@609b041c, org.springframework.security.web.savedrequest.RequestCacheAwareFilter@4ef5dd23, org.springframework.security.web.servletapi.SecurityContextHolderAwareRequestFilter@163e8949, org.springframework.security.web.authentication.AnonymousAuthenticationFilter@474e34e4, org.springframework.security.web.session.SessionManagementFilter@7f5ce33e, org.springframework.security.web.access.ExceptionTranslationFilter@305b43ca, org.springframework.security.web.access.intercept.AuthorizationFilter@9be7319]
2025-07-06T12:42:55.928-03:00  INFO 26632 --- [           main] com.werp.werp.WerpApplicationTests       : Started WerpApplicationTests in 4.731 seconds (process running for 6.103)
]]></system-out>
  </testcase>
</testsuite>